빌드 시작: 2026-02-08 오후 11:19:09
     1>2 노드의 "C:\Users\NSH\Documents\VS_All\LibSln\LibSln\LibSln.vcxproj" 프로젝트(Build 대상)입니다.
     1>ClCompile:
         C:\Program Files (x86)\Microsoft Visual Studio 12.0\VC\bin\CL.exe /c /ZI /nologo /W3 /WX- /sdl /Od /Oy- /D _MBCS /Gm /EHsc /RTC1 /MDd /GS /fp:precise /Zc:wchar_t /Zc:forScope /Fo"Debug\\" /Fd"Debug\vc120.pdb" /Gd /TP /analyze- /errorReport:prompt ..\Control\Src\GUI.cpp ..\Control\Src\main.cpp ..\Lib\Src\Ini.cpp ..\Lib\Src\Json.cpp
         GUI.cpp
         코드를 생성하고 있습니다...
         컴파일하고 있습니다...
         Json.cpp
         Ini.cpp
         main.cpp
         코드를 생성하고 있습니다...
       Link:
         C:\Program Files (x86)\Microsoft Visual Studio 12.0\VC\bin\link.exe /ERRORREPORT:PROMPT /OUT:"C:\Users\NSH\Documents\VS_All\LibSln\Debug\LibSln.exe" /INCREMENTAL /NOLOGO kernel32.lib user32.lib gdi32.lib winspool.lib comdlg32.lib advapi32.lib shell32.lib ole32.lib oleaut32.lib uuid.lib odbc32.lib odbccp32.lib /MANIFEST /MANIFESTUAC:"level='asInvoker' uiAccess='false'" /manifest:embed /DEBUG /PDB:"C:\Users\NSH\Documents\VS_All\LibSln\Debug\LibSln.pdb" /TLBID:1 /DYNAMICBASE /NXCOMPAT /IMPLIB:"C:\Users\NSH\Documents\VS_All\LibSln\Debug\LibSln.lib" /MACHINE:X86 Debug\GUI.obj
         Debug\main.obj
         Debug\Ini.obj
         Debug\Json.obj
         Debug\Shm.obj
         Debug\Xml.obj
         LibSln.vcxproj -> C:\Users\NSH\Documents\VS_All\LibSln\Debug\LibSln.exe
     1>"C:\Users\NSH\Documents\VS_All\LibSln\LibSln\LibSln.vcxproj" 프로젝트를 빌드했습니다(Build 대상).

빌드했습니다.

경과 시간: 00:00:05.24
